<?xml version="1.0" encoding="UTF-8"?>
<!-- Generated by org.testng.reporters.JUnitReportReporter -->
<testsuite skipped="0" hostname="LAPTOP-GD7C6DSE" name="com.actitime.timetrack.First" tests="1" failures="0" timestamp="2020-08-08T02:59:37 IST" time="0.046" errors="0">
  <testcase name="runTest" time="0.046" classname="com.actitime.timetrack.First"/>
  <system-out>
sai  </system-out>
</testsuite> <!-- com.actitime.timetrack.First -->
